<?xml version="1.0" encoding="UTF-8"?>
<!-- Generated by org.testng.reporters.JUnitReportReporter -->
<testsuite hostname="LTIN204636" failures="0" tests="4" name="travelInsurance.TestRunner.InsuranceTestRunner" time="391.849" errors="1" timestamp="2024-02-26T10:28:19 IST" skipped="0">
  <testcase classname="travelInsurance.TestRunner.InsuranceTestRunner" name="runScenario" time="93.691"/>
  <testcase classname="travelInsurance.TestRunner.InsuranceTestRunner" name="runScenario" time="61.236"/>
  <testcase classname="travelInsurance.TestRunner.InsuranceTestRunner" name="runScenario" time="122.631">
    <error message="Expected condition failed: waiting for visibility of element located by By.xpath: //div[@class=&#039;allfilterBox&#039;] (tried for 15 second(s) with 500 milliseconds interval)
Build info: version: &#039;4.15.0&#039;, revision: &#039;1d14b5521b&#039;
System info: os.name: &#039;Windows 11&#039;, os.arch: &#039;amd64&#039;, os.version: &#039;10.0&#039;, java.version: &#039;17.0.9&#039;
Driver info: org.openqa.selenium.chrome.ChromeDriver
Capabilities {acceptInsecureCerts: false, browserName: chrome, browserVersion: 120.0.6099.130, chrome: {chromedriverVersion: 120.0.6099.109 (3419140ab66..., userDataDir: C:\Windows\SystemTemp\scope...}, fedcm:accounts: true, goog:chromeOptions: {debuggerAddress: localhost:58424}, networkConnectionEnabled: false, pageLoadStrategy: normal, platformName: windows, proxy: Proxy(), se:cdp: ws://localhost:58424/devtoo..., se:cdpVersion: 120.0.6099.130, setWindowRect: true, strictFileInteractability: false, timeouts: {implicit: 0, pageLoad: 300000, script: 30000}, unhandledPromptBehavior: dismiss and notify, webauthn:extension:credBlob: true, webauthn:extension:largeBlob: true, webauthn:extension:minPinLength: true, webauthn:extension:prf: true, webauthn:virtualAuthenticators: true}
Session ID: 42ef42260c2e4290d31448ba01c66919" type="org.openqa.selenium.TimeoutException">
      <![CDATA[org.openqa.selenium.TimeoutException: Expected condition failed: waiting for visibility of element located by By.xpath: //div[@class='allfilterBox'] (tried for 15 second(s) with 500 milliseconds interval)
Build info: version: '4.15.0', revision: '1d14b5521b'
System info: os.name: 'Windows 11', os.arch: 'amd64', os.version: '10.0', java.version: '17.0.9'
Driver info: org.openqa.selenium.chrome.ChromeDriver
Capabilities {acceptInsecureCerts: false, browserName: chrome, browserVersion: 120.0.6099.130, chrome: {chromedriverVersion: 120.0.6099.109 (3419140ab66..., userDataDir: C:\Windows\SystemTemp\scope...}, fedcm:accounts: true, goog:chromeOptions: {debuggerAddress: localhost:58424}, networkConnectionEnabled: false, pageLoadStrategy: normal, platformName: windows, proxy: Proxy(), se:cdp: ws://localhost:58424/devtoo..., se:cdpVersion: 120.0.6099.130, setWindowRect: true, strictFileInteractability: false, timeouts: {implicit: 0, pageLoad: 300000, script: 30000}, unhandledPromptBehavior: dismiss and notify, webauthn:extension:credBlob: true, webauthn:extension:largeBlob: true, webauthn:extension:minPinLength: true, webauthn:extension:prf: true, webauthn:virtualAuthenticators: true}
Session ID: 42ef42260c2e4290d31448ba01c66919
at org.openqa.selenium.support.ui.WebDriverWait.timeoutException(WebDriverWait.java:84)
at org.openqa.selenium.support.ui.FluentWait.until(FluentWait.java:229)
at travelInsurance.PageObjects.HealthInsurancePage.sortby(HealthInsurancePage.java:289)
at travelInsurance.StepDefination.EndToEndStepDefination.sort_results_as_low_to_high_and_capture_the_first_three_insurance_packages_and_providers(EndToEndStepDefination.java:211)
at âœ½.sort results as low to high and capture the first three insurance packages and providers(file:///C:/Users/2303728/eclipse-workspace/Hackathon/src/test/resources/Features/Insurances_end_to_end.feature:39)
]]>
    </error>
  </testcase> <!-- runScenario -->
  <testcase classname="travelInsurance.TestRunner.InsuranceTestRunner" name="runScenario" time="114.291"/>
</testsuite> <!-- travelInsurance.TestRunner.InsuranceTestRunner -->
